<?xml version="1.0" encoding="UTF-8"?>
<!-- Generated by org.testng.reporters.JUnitReportReporter -->
<testsuite skipped="0" hostname="ARP-260" name="tests.Quit_Browser" tests="1" failures="0" timestamp="19 Dec 2019 08:12:05 GMT" time="1.178" errors="0">
  <testcase name="z_quitbrowser" time="1.178" classname="tests.Quit_Browser"/>
</testsuite> <!-- tests.Quit_Browser -->
