<?xml version="1.0" encoding="UTF-8"?>
<!-- Generated by org.testng.reporters.JUnitReportReporter -->
<testsuite hostname="DESKTOP-GAH683G" failures="0" tests="1" name="userRights.VerifyPurchaseAnalysis" time="53.108" errors="0" timestamp="02 Feb 2018 11:21:05 GMT" skipped="0">
  <testcase classname="userRights.VerifyPurchaseAnalysis" name="VerifyPurchaseAnalysisFooter" time="53.108"/>
</testsuite> <!-- userRights.VerifyPurchaseAnalysis -->
