<?xml version="1.0" encoding="UTF-8"?>
<!-- Generated by org.testng.reporters.JUnitReportReporter -->
<testsuite hostname="DESKTOP-GAH683G" failures="0" tests="1" name="pageObjects.CompareArray" time="0.011" errors="0" timestamp="01 Feb 2018 11:00:03 GMT" skipped="0">
  <testcase classname="pageObjects.CompareArray" name="CompareArray" time="0.011"/>
</testsuite> <!-- pageObjects.CompareArray -->
