<?xml version="1.0" encoding="UTF-8"?>
<!-- Generated by org.testng.reporters.JUnitReportReporter -->
<testsuite skipped="0" hostname="ARP-260" name="tests.InitiateDriver" tests="1" failures="0" timestamp="19 Dec 2019 05:45:55 GMT" time="13.702" errors="0">
  <testcase name="LaunchDriver" time="13.702" classname="tests.InitiateDriver"/>
</testsuite> <!-- tests.InitiateDriver -->
