<?xml version="1.0" encoding="UTF-8"?>
<!-- Generated by org.testng.reporters.JUnitReportReporter -->
<testsuite hostname="DESKTOP-GAH683G" failures="0" tests="1" name="Package1.ValidateHeaderElements" time="30.511" errors="0" timestamp="30 Jan 2018 05:37:26 GMT" skipped="0">
  <testcase classname="Package1.ValidateHeaderElements" name="ValidateHeader" time="30.511"/>
</testsuite> <!-- Package1.ValidateHeaderElements -->
