<?xml version="1.0" encoding="UTF-8"?>
<!-- Generated by org.testng.reporters.JUnitReportReporter -->
<testsuite skipped="1" hostname="ARP-260" name="tests.RegressionSuite" tests="2" failures="0" timestamp="13 Jan 2020 08:16:46 GMT" time="84.413" errors="0">
  <testcase name="Validate_Change_Password" time="84.413" classname="tests.RegressionSuite"/>
  <testcase name="Validate_Checkout_PAR" classname="tests.RegressionSuite">
    <skipped/>
  </testcase> <!-- Validate_Checkout_PAR -->
</testsuite> <!-- tests.RegressionSuite -->
