<?xml version="1.0" encoding="UTF-8"?>
<!-- Generated by org.testng.reporters.JUnitReportReporter -->
<testsuite hostname="DESKTOP-GAH683G" failures="0" tests="1" name="userRights.VerifyExpirationRights" time="41.653" errors="0" timestamp="08 Feb 2018 11:16:03 GMT" skipped="0">
  <testcase classname="userRights.VerifyExpirationRights" name="VerifyExpirationRightsMethod" time="41.653"/>
</testsuite> <!-- userRights.VerifyExpirationRights -->
