<?xml version="1.0" encoding="UTF-8"?>
<!-- Generated by org.testng.reporters.JUnitReportReporter -->
<testsuite hostname="DESKTOP-GAH683G" failures="0" tests="1" name="Package1.LoginTest" time="85.125" errors="0" timestamp="23 Jan 2018 19:24:29 GMT" skipped="0">
  <testcase classname="Package1.LoginTest" name="LoginMethod" time="85.125"/>
</testsuite> <!-- Package1.LoginTest -->
