<?xml version="1.0" encoding="UTF-8"?>
<!-- Generated by org.testng.reporters.JUnitReportReporter -->
<testsuite hostname="DESKTOP-GAH683G" failures="0" tests="1" name="userRights.VerifyAddToCartRights" time="39.954" errors="0" timestamp="09 Feb 2018 02:37:40 GMT" skipped="0">
  <testcase classname="userRights.VerifyAddToCartRights" name="VerifyAddToCartRightsMethod" time="39.954"/>
</testsuite> <!-- userRights.VerifyAddToCartRights -->
