<?xml version="1.0" encoding="UTF-8"?>
<!-- Generated by org.testng.reporters.JUnitReportReporter -->
<testsuite hostname="DESKTOP-GAH683G" failures="0" tests="1" name="Package1.HomePageElements" time="27.688" errors="0" timestamp="29 Jan 2018 10:54:16 GMT" skipped="0">
  <testcase classname="Package1.HomePageElements" name="ValidateHomePageElements" time="27.688"/>
</testsuite> <!-- Package1.HomePageElements -->
