<?xml version="1.0" encoding="UTF-8"?>
<!-- Generated by org.testng.reporters.JUnitReportReporter -->
<testsuite skipped="0" hostname="ARP-260" name="tests.URL_Navigation" tests="2" failures="0" timestamp="19 Dec 2019 05:45:55 GMT" time="13.783" errors="0">
  <testcase name="LaunchDriver" time="10.151" classname="tests.URL_Navigation"/>
  <testcase name="url_nav" time="3.632" classname="tests.URL_Navigation"/>
</testsuite> <!-- tests.URL_Navigation -->
