<?xml version="1.0" encoding="UTF-8"?>
<!-- Generated by org.testng.reporters.JUnitReportReporter -->
<testsuite skipped="0" hostname="ARP-260" name="tests.CreateDriver" tests="1" failures="0" timestamp="19 Dec 2019 09:33:48 GMT" time="17.485" errors="0">
  <testcase name="a_initiateDriver" time="17.485" classname="tests.CreateDriver"/>
</testsuite> <!-- tests.CreateDriver -->
