<?xml version="1.0" encoding="UTF-8"?>
<!-- Generated by org.testng.reporters.JUnitReportReporter -->
<testsuite hostname="DESKTOP-GAH683G" failures="0" tests="2" name="smokeTest.SearchBoxValidationTest" time="32.884" errors="0" timestamp="15 Feb 2018 10:11:18 GMT" skipped="0">
  <testcase classname="smokeTest.SearchBoxValidationTest" name="ValidateLogin" time="28.698"/>
  <testcase classname="smokeTest.SearchBoxValidationTest" name="ValidateFavoriteLink" time="4.186"/>
</testsuite> <!-- smokeTest.SearchBoxValidationTest -->
