<?xml version="1.0" encoding="UTF-8"?>
<!-- Generated by org.testng.reporters.JUnitReportReporter -->
<testsuite hostname="DESKTOP-GAH683G" failures="0" tests="1" name="userRights.VerifyAddShipstoRights" time="36.419" errors="0" timestamp="09 Feb 2018 01:18:26 GMT" skipped="0">
  <testcase classname="userRights.VerifyAddShipstoRights" name="VerifyAddShipstoRightsMethod" time="36.419"/>
</testsuite> <!-- userRights.VerifyAddShipstoRights -->
