<?xml version="1.0" encoding="UTF-8"?>
<!-- Generated by org.testng.reporters.JUnitReportReporter -->
<testsuite hostname="DESKTOP-GAH683G" failures="0" tests="2" name="smokeTestIE.ValidateSmokeTest" time="70.135" errors="0" timestamp="19 Mar 2018 13:03:05 GMT">
  <testcase classname="smokeTestIE.ValidateSmokeTest" name="ValidateFavoriteIcon" time="39.451"/>
  <testcase classname="smokeTestIE.ValidateSmokeTest" name="ValidateLogin" time="30.684"/>
</testsuite> <!-- smokeTestIE.ValidateSmokeTest -->
